  Animation.cpp
  Beeing.cpp
C:\Users\Test\Desktop\Programowanko\GitHub\just_game\Projekt_SFML\Beeing.cpp(18,15): warning C4244: "=": konwersja z "int" do "float", możliwa utrata danych
C:\Users\Test\Desktop\Programowanko\GitHub\just_game\Projekt_SFML\Beeing.cpp(18,28): warning C4244: "=": konwersja z "int" do "float", możliwa utrata danych
C:\Users\Test\Desktop\Programowanko\GitHub\just_game\Projekt_SFML\Beeing.cpp(20,15): warning C4244: "=": konwersja z "int" do "float", możliwa utrata danych
C:\Users\Test\Desktop\Programowanko\GitHub\just_game\Projekt_SFML\Beeing.cpp(21,19): warning C4244: "=": konwersja z "int" do "float", możliwa utrata danych
C:\Users\Test\Desktop\Programowanko\GitHub\just_game\Projekt_SFML\Beeing.cpp(41,59): warning C4244: "argument": konwersja z "T" do "float", możliwa utrata danych
          with
          [
              T=unsigned int
          ]
C:\Users\Test\Desktop\Programowanko\GitHub\just_game\Projekt_SFML\Beeing.cpp(41,40): warning C4244: "argument": konwersja z "T" do "float", możliwa utrata danych
          with
          [
              T=unsigned int
          ]
  bullet.cpp
  game.cpp
C:\Users\Test\Desktop\Programowanko\GitHub\just_game\Projekt_SFML\game.cpp(39,12): warning C4244: "argument": konwersja z "time_t" do "unsigned int", możliwa utrata danych
C:\Users\Test\Desktop\Programowanko\GitHub\just_game\Projekt_SFML\game.cpp(119,61): warning C4244: "argument": konwersja z "float" do "int", możliwa utrata danych
C:\Users\Test\Desktop\Programowanko\GitHub\just_game\Projekt_SFML\game.cpp(119,50): warning C4244: "argument": konwersja z "int" do "float", możliwa utrata danych
C:\Users\Test\Desktop\Programowanko\GitHub\just_game\Projekt_SFML\game.cpp(121,5): warning C4552: „!=”: Wynik wyrażenia nie jest używany
C:\Users\Test\Desktop\Programowanko\GitHub\just_game\Projekt_SFML\game.cpp(124,44): warning C4244: "argument": konwersja z "float" do "int", możliwa utrata danych
C:\Users\Test\Desktop\Programowanko\GitHub\just_game\Projekt_SFML\game.cpp(165,46): warning C4244: "argument": konwersja z "float" do "int", możliwa utrata danych
C:\Users\Test\Desktop\Programowanko\GitHub\just_game\Projekt_SFML\game.cpp(165,26): warning C4244: "argument": konwersja z "float" do "int", możliwa utrata danych
C:\Users\Test\Desktop\Programowanko\GitHub\just_game\Projekt_SFML\game.cpp(165,20): warning C4244: "argument": konwersja z "float" do "int", możliwa utrata danych
C:\Users\Test\Desktop\Programowanko\GitHub\just_game\Projekt_SFML\game.cpp(229,40): warning C4244: "argument": konwersja z "int" do "float", możliwa utrata danych
C:\Users\Test\Desktop\Programowanko\GitHub\just_game\Projekt_SFML\game.cpp(229,28): warning C4244: "argument": konwersja z "float" do "int", możliwa utrata danych
C:\Users\Test\Desktop\Programowanko\GitHub\just_game\Projekt_SFML\game.cpp(229,22): warning C4244: "argument": konwersja z "float" do "int", możliwa utrata danych
C:\Users\Test\Desktop\Programowanko\GitHub\just_game\Projekt_SFML\game.cpp(300,63): warning C4244: "argument": konwersja z "float" do "int", możliwa utrata danych
C:\Users\Test\Desktop\Programowanko\GitHub\just_game\Projekt_SFML\game.cpp(300,44): warning C4244: "argument": konwersja z "int" do "float", możliwa utrata danych
  GameOver.cpp
  HighScore.cpp
  main.cpp
  menu.cpp
  Meteor.cpp
C:\Users\Test\Desktop\Programowanko\GitHub\just_game\Projekt_SFML\Meteor.cpp(10,27): warning C4244: "=": konwersja z "int" do "float", możliwa utrata danych
C:\Users\Test\Desktop\Programowanko\GitHub\just_game\Projekt_SFML\Meteor.cpp(11,27): warning C4244: "=": konwersja z "int" do "float", możliwa utrata danych
  Player.cpp
C:\Users\Test\Desktop\Programowanko\GitHub\just_game\Projekt_SFML\Player.cpp(28,49): warning C4244: "+=": konwersja z "double" do "float", możliwa utrata danych
C:\Users\Test\Desktop\Programowanko\GitHub\just_game\Projekt_SFML\Player.cpp(29,49): warning C4244: "+=": konwersja z "double" do "float", możliwa utrata danych
C:\Users\Test\Desktop\Programowanko\GitHub\just_game\Projekt_SFML\Player.cpp(33,28): warning C4305: "*=": obcięcie z "double" do "float"
C:\Users\Test\Desktop\Programowanko\GitHub\just_game\Projekt_SFML\Player.cpp(34,28): warning C4305: "*=": obcięcie z "double" do "float"
  Generowanie kodu...
C:\Users\Test\Desktop\Programowanko\GitHub\just_game\Projekt_SFML\menu.cpp(88): warning C4715: "Menu::menu”: niewszystkie ścieżki kodu zwracają wartość
C:\Users\Test\Desktop\Programowanko\GitHub\just_game\Projekt_SFML\GameOver.cpp(109): warning C4715: "GameOver::gameOver”: niewszystkie ścieżki kodu zwracają wartość
C:\Users\Test\Desktop\Programowanko\GitHub\just_game\Projekt_SFML\game.cpp(345): warning C4715: "Game::game”: niewszystkie ścieżki kodu zwracają wartość
  Projekt_SFML.vcxproj -> C:\Users\Test\Desktop\Programowanko\GitHub\just_game\x64\Debug\Projekt_SFML.exe
